<?xml version="1.0" encoding="UTF-8"?>
<!-- Generated by org.testng.reporters.JUnitReportReporter -->
<testsuite hostname="ELW4007" failures="0" tests="4" name="api.test.UserTests" time="8.935" errors="0" timestamp="2024-09-03T14:40:06 IST" skipped="0">
  <testcase classname="api.test.UserTests" name="testPostUser" time="3.682"/>
  <testcase classname="api.test.UserTests" name="testgetUserByName" time="1.317"/>
  <testcase classname="api.test.UserTests" name="testupdateuser" time="2.600"/>
  <testcase classname="api.test.UserTests" name="testdeleteuser" time="1.336"/>
</testsuite> <!-- api.test.UserTests -->
