<?xml version="1.0" encoding="UTF-8"?>
<!-- Generated by org.testng.reporters.JUnitReportReporter -->
<testsuite hostname="ELW4007" failures="0" tests="4" name="api.test.UserTests2" time="9.414" errors="0" timestamp="2024-09-03T14:31:26 IST" skipped="0">
  <testcase classname="api.test.UserTests2" name="testPostUser" time="4.242"/>
  <testcase classname="api.test.UserTests2" name="testgetUserByName" time="1.347"/>
  <testcase classname="api.test.UserTests2" name="testupdateuser" time="2.521"/>
  <testcase classname="api.test.UserTests2" name="testdeleteuser" time="1.304"/>
</testsuite> <!-- api.test.UserTests2 -->
