<?xml version="1.0" encoding="UTF-8"?>
<!-- Generated by org.testng.reporters.JUnitReportReporter -->
<testsuite hostname="ELW4007" failures="0" tests="4" name="api.test.UserTests" time="9.964" errors="0" timestamp="2024-09-03T14:51:28 IST" skipped="0">
  <testcase classname="api.test.UserTests" name="testPostUser" time="4.793"/>
  <testcase classname="api.test.UserTests" name="testgetUserByName" time="1.337"/>
  <testcase classname="api.test.UserTests" name="testupdateuser" time="2.575"/>
  <testcase classname="api.test.UserTests" name="testdeleteuser" time="1.259"/>
</testsuite> <!-- api.test.UserTests -->
